<?xml version="1.0" encoding="UTF-8"?>
<!-- Generated by org.testng.reporters.JUnitXMLReporter -->
<testsuite ignored="0" hostname="Gurukrupa" failures="0" tests="6" name="chrome" time="0.574" errors="0" timestamp="2022-09-07T16:14:33 IST">
  <testcase classname="testpackage.Testclassb" name="testA" time="0.009"/>
  <testcase classname="testpackage.Testclass_testng" name="testA" time="0.019"/>
  <testcase classname="testpackage.Testclass_testng" name="testB" time="0.005"/>
  <testcase classname="testpackage.Testclassb" name="testB" time="0.031"/>
  <testcase classname="testpackage.Testclassb" name="testC" time="0.003"/>
  <testcase classname="testpackage.Testclass_testng" name="testC" time="0.128"/>
</testsuite> <!-- chrome -->
