<?xml version="1.0" encoding="UTF-8"?>
<!-- Generated by org.testng.reporters.JUnitXMLReporter -->
<testsuite ignored="0" hostname="Gurukrupa" failures="0" tests="6" name="Test" time="0.14" errors="0" timestamp="2022-09-06T15:52:05 IST">
  <testcase classname="testpackage.Testclass_testng" name="testA" time="0.007"/>
  <testcase classname="testpackage.Testclass_testng" name="testB" time="0.002"/>
  <testcase classname="testpackage.Testclass_testng" name="testC" time="0.002"/>
  <testcase classname="testpackage.Testclassb" name="testA" time="0.001"/>
  <testcase classname="testpackage.Testclassb" name="testB" time="0.008"/>
  <testcase classname="testpackage.Testclassb" name="testC" time="0.003"/>
</testsuite> <!-- Test -->
